<?xml version="1.0" encoding="UTF-8"?>
<!-- Generated by org.testng.reporters.JUnitReportReporter -->
<testsuite skipped="2" hostname="Mahmouds-MacBook-Pro.local" name="testNG.TestNGParametersDemo" tests="5" failures="1" timestamp="16 Jul 2019 11:37:11 GMT" time="0.030" errors="0">
  <testcase name="getURL" time="0.014" classname="testNG.TestNGParametersDemo"/>
  <testcase name="getTitle" time="0.010" classname="testNG.TestNGParametersDemo"/>
  <testcase name="failedCase" time="0.006" classname="testNG.TestNGParametersDemo">
    <failure type="java.lang.AssertionError" message="hwa kda :P">
      <![CDATA[java.lang.AssertionError: hwa kda :P
at org.testng.Assert.fail(Assert.java:96)
at testNG.TestNGParametersDemo.failedCase(TestNGParametersDemo.java:37)
at sun.reflect.NativeMethodAccessorImpl.invoke0(Native Method)
at sun.reflect.NativeMethodAccessorImpl.invoke(NativeMethodAccessorImpl.java:62)
at sun.reflect.DelegatingMethodAccessorImpl.invoke(DelegatingMethodAccessorImpl.java:43)
at java.lang.reflect.Method.invoke(Method.java:498)
at org.testng.internal.MethodInvocationHelper.invokeMethod(MethodInvocationHelper.java:124)
at org.testng.internal.Invoker.invokeMethod(Invoker.java:583)
at org.testng.internal.Invoker.invokeTestMethod(Invoker.java:719)
at org.testng.internal.Invoker.invokeTestMethods(Invoker.java:989)
at org.testng.internal.TestMethodWorker.invokeTestMethods(TestMethodWorker.java:125)
at org.testng.internal.TestMethodWorker.run(TestMethodWorker.java:109)
at org.testng.TestRunner.privateRun(TestRunner.java:648)
at org.testng.TestRunner.run(TestRunner.java:505)
at org.testng.SuiteRunner.runTest(SuiteRunner.java:455)
at org.testng.SuiteRunner.runSequentially(SuiteRunner.java:450)
at org.testng.SuiteRunner.privateRun(SuiteRunner.java:415)
at org.testng.SuiteRunner.run(SuiteRunner.java:364)
at org.testng.SuiteRunnerWorker.runSuite(SuiteRunnerWorker.java:52)
at org.testng.SuiteRunnerWorker.run(SuiteRunnerWorker.java:84)
at org.testng.TestNG.runSuitesSequentially(TestNG.java:1208)
at org.testng.TestNG.runSuitesLocally(TestNG.java:1137)
at org.testng.TestNG.runSuites(TestNG.java:1049)
at org.testng.TestNG.run(TestNG.java:1017)
at org.testng.remote.AbstractRemoteTestNG.run(AbstractRemoteTestNG.java:115)
at org.testng.remote.RemoteTestNG.initAndRun(RemoteTestNG.java:251)
at org.testng.remote.RemoteTestNG.main(RemoteTestNG.java:77)
]]>
    </failure>
  </testcase> <!-- failedCase -->
  <testcase name="skippedCase" time="0.000" classname="testNG.TestNGParametersDemo">
    <skipped/>
  </testcase> <!-- skippedCase -->
  <testcase name="disabledCase" classname="testNG.TestNGParametersDemo">
    <skipped/>
  </testcase> <!-- disabledCase -->
</testsuite> <!-- testNG.TestNGParametersDemo -->
